Using pre-set license
Built from '2020.2/release' branch; Version is '2020.2.2f1 (068178b99f32) revision 426360'; Using compiler version '192528614'; Build Type 'Release'
OS: 'Windows 10 Pro; OS build 19041.746; Version 2004; 64bit' Language: 'en' Physical Memory: 8050 MB
BatchMode: 1, IsHumanControllingUs: 0, StartBugReporterOnCrash: 0, Is64bit: 1, IsPro: 0

 COMMAND LINE ARGUMENTS:
C:\Program Files\Unity\Hub\Editor\2020.2.2f1\Editor\Unity.exe
-adb2
-batchMode
-noUpm
-name
AssetImportWorker0
-projectPath
F:/programming/unity_workspace/PaperGame/CycleGame
-logFile
Logs/AssetImportWorker0.log
-srvPort
56689
Successfully changed project path to: F:/programming/unity_workspace/PaperGame/CycleGame
F:/programming/unity_workspace/PaperGame/CycleGame
Using Asset Import Pipeline V2.
Refreshing native plugins compatible for Editor in 23.86 ms, found 0 plugins.
Preloading 0 native plugins for Editor in 0.00 ms.
Initialize engine version: 2020.2.2f1 (068178b99f32)
[Subsystems] Discovering subsystems at path C:/Program Files/Unity/Hub/Editor/2020.2.2f1/Editor/Data/Resources/UnitySubsystems
[Subsystems] Discovering subsystems at path F:/programming/unity_workspace/PaperGame/CycleGame/Assets
GfxDevice: creating device client; threaded=0
Direct3D:
    Version:  Direct3D 11.0 [level 11.1]
    Renderer: NVIDIA GeForce GTX 1650 (ID=0x1f82)
    Vendor:   
    VRAM:     3962 MB
    Driver:   27.21.14.6109
Initialize mono
Mono path[0] = 'C:/Program Files/Unity/Hub/Editor/2020.2.2f1/Editor/Data/Managed'
Mono path[1] = 'C:/Program Files/Unity/Hub/Editor/2020.2.2f1/Editor/Data/MonoBleedingEdge/lib/mono/unityjit'
Mono config path = 'C:/Program Files/Unity/Hub/Editor/2020.2.2f1/Editor/Data/MonoBleedingEdge/etc'
Using monoOptions --debugger-agent=transport=dt_socket,embedding=1,server=y,suspend=n,address=127.0.0.1:56460
Begin MonoManager ReloadAssembly
Registering precompiled unity dll's ...
Register platform support module: C:/Program Files/Unity/Hub/Editor/2020.2.2f1/Editor/Data/PlaybackEngines/WindowsStandaloneSupport/UnityEditor.WindowsStandalone.Extensions.dll
Registered in 0.003260 seconds.
Native extension for WindowsStandalone target not found
Refreshing native plugins compatible for Editor in 24.02 ms, found 0 plugins.
Preloading 0 native plugins for Editor in 0.00 ms.
Invoked RoslynAnalysisRunner static constructor.
RoslynAnalysisRunner will not be running.
RoslynAnalysisRunner has terminated.
Mono: successfully reloaded assembly
- Completed reload, in  1.147 seconds
Platform modules already initialized, skipping
Registering precompiled user dll's ...
Registered in 0.000436 seconds.
Begin MonoManager ReloadAssembly
Native extension for WindowsStandalone target not found
Refreshing native plugins compatible for Editor in 0.59 ms, found 0 plugins.
Preloading 0 native plugins for Editor in 0.00 ms.
Invoked RoslynAnalysisRunner static constructor.
RoslynAnalysisRunner will not be running.
RoslynAnalysisRunner has terminated.
Mono: successfully reloaded assembly
- Completed reload, in  0.955 seconds
Platform modules already initialized, skipping
========================================================================
Worker process is ready to serve import requests
Launched and connected shader compiler UnityShaderCompiler.exe after 0.04 seconds
Refreshing native plugins compatible for Editor in 0.25 ms, found 0 plugins.
Preloading 0 native plugins for Editor in 0.00 ms.
Unloading 1246 Unused Serialized files (Serialized files now loaded: 0)
System memory in use before: 61.4 MB.
System memory in use after: 61.5 MB.

Unloading 11 unused Assets to reduce memory usage. Loaded Objects now: 1687.
Total: 1.719600 ms (FindLiveObjects: 0.149800 ms CreateObjectMapping: 0.053100 ms MarkObjects: 1.444900 ms  DeleteObjects: 0.071100 ms)

========================================================================
Received Import Request.
  path: Assets/PlayerMovement.cs
  artifactKey: Guid(f733994d49e87bd42810ab03dafc6d3d) Importer(815301076,1909f56bfc062723c751e8b465ee728b)
Start importing Assets/PlayerMovement.cs using Guid(f733994d49e87bd42810ab03dafc6d3d) Importer(815301076,1909f56bfc062723c751e8b465ee728b)  -> (artifact id: 'a4726e1b938803eebb28752464c89fc1') in 0.035484 seconds
  Import took 0.053839 seconds .

========================================================================
Received Prepare
Registering precompiled user dll's ...
Registered in 0.000818 seconds.
Begin MonoManager ReloadAssembly
Native extension for WindowsStandalone target not found
Refreshing native plugins compatible for Editor in 0.33 ms, found 0 plugins.
Preloading 0 native plugins for Editor in 0.00 ms.
Invoked RoslynAnalysisRunner static constructor.
RoslynAnalysisRunner will not be running.
RoslynAnalysisRunner has terminated.
Mono: successfully reloaded assembly
- Completed reload, in  0.888 seconds
Platform modules already initialized, skipping
Refreshing native plugins compatible for Editor in 0.30 ms, found 0 plugins.
Preloading 0 native plugins for Editor in 0.00 ms.
Unloading 1241 Unused Serialized files (Serialized files now loaded: 0)
System memory in use before: 61.6 MB.
System memory in use after: 61.7 MB.

Unloading 6 unused Assets to reduce memory usage. Loaded Objects now: 1690.
Total: 3.304900 ms (FindLiveObjects: 0.312100 ms CreateObjectMapping: 0.085400 ms MarkObjects: 2.807300 ms  DeleteObjects: 0.098500 ms)

========================================================================
Received Prepare
Registering precompiled user dll's ...
Registered in 0.000539 seconds.
Begin MonoManager ReloadAssembly
Native extension for WindowsStandalone target not found
Refreshing native plugins compatible for Editor in 0.24 ms, found 0 plugins.
Preloading 0 native plugins for Editor in 0.00 ms.
Invoked RoslynAnalysisRunner static constructor.
RoslynAnalysisRunner will not be running.
RoslynAnalysisRunner has terminated.
Mono: successfully reloaded assembly
- Completed reload, in  0.803 seconds
Platform modules already initialized, skipping
Refreshing native plugins compatible for Editor in 0.27 ms, found 0 plugins.
Preloading 0 native plugins for Editor in 0.00 ms.
Unloading 1240 Unused Serialized files (Serialized files now loaded: 0)
System memory in use before: 61.7 MB.
System memory in use after: 61.8 MB.

Unloading 6 unused Assets to reduce memory usage. Loaded Objects now: 1692.
Total: 1.974300 ms (FindLiveObjects: 0.243700 ms CreateObjectMapping: 0.077800 ms MarkObjects: 1.591800 ms  DeleteObjects: 0.060200 ms)

========================================================================
Received Prepare
Registering precompiled user dll's ...
Registered in 0.000784 seconds.
Begin MonoManager ReloadAssembly
Native extension for WindowsStandalone target not found
Refreshing native plugins compatible for Editor in 0.26 ms, found 0 plugins.
Preloading 0 native plugins for Editor in 0.00 ms.
Invoked RoslynAnalysisRunner static constructor.
RoslynAnalysisRunner will not be running.
RoslynAnalysisRunner has terminated.
Mono: successfully reloaded assembly
- Completed reload, in  0.767 seconds
Platform modules already initialized, skipping
Refreshing native plugins compatible for Editor in 0.24 ms, found 0 plugins.
Preloading 0 native plugins for Editor in 0.00 ms.
Unloading 1240 Unused Serialized files (Serialized files now loaded: 0)
System memory in use before: 61.9 MB.
System memory in use after: 62.0 MB.

Unloading 6 unused Assets to reduce memory usage. Loaded Objects now: 1694.
Total: 2.246700 ms (FindLiveObjects: 0.268600 ms CreateObjectMapping: 0.112400 ms MarkObjects: 1.785300 ms  DeleteObjects: 0.079300 ms)

========================================================================
Received Prepare
Registering precompiled user dll's ...
Registered in 0.000660 seconds.
Begin MonoManager ReloadAssembly
Native extension for WindowsStandalone target not found
Refreshing native plugins compatible for Editor in 0.24 ms, found 0 plugins.
Preloading 0 native plugins for Editor in 0.00 ms.
Invoked RoslynAnalysisRunner static constructor.
RoslynAnalysisRunner will not be running.
RoslynAnalysisRunner has terminated.
Mono: successfully reloaded assembly
- Completed reload, in  0.773 seconds
Platform modules already initialized, skipping
Refreshing native plugins compatible for Editor in 0.24 ms, found 0 plugins.
Preloading 0 native plugins for Editor in 0.00 ms.
Unloading 1240 Unused Serialized files (Serialized files now loaded: 0)
System memory in use before: 62.1 MB.
System memory in use after: 62.2 MB.

Unloading 6 unused Assets to reduce memory usage. Loaded Objects now: 1696.
Total: 2.075400 ms (FindLiveObjects: 0.262600 ms CreateObjectMapping: 0.090300 ms MarkObjects: 1.646500 ms  DeleteObjects: 0.075100 ms)

========================================================================
Received Prepare
Registering precompiled user dll's ...
Registered in 0.000485 seconds.
Begin MonoManager ReloadAssembly
Native extension for WindowsStandalone target not found
Refreshing native plugins compatible for Editor in 0.30 ms, found 0 plugins.
Preloading 0 native plugins for Editor in 0.00 ms.
Invoked RoslynAnalysisRunner static constructor.
RoslynAnalysisRunner will not be running.
RoslynAnalysisRunner has terminated.
Mono: successfully reloaded assembly
- Completed reload, in  0.849 seconds
Platform modules already initialized, skipping
Refreshing native plugins compatible for Editor in 0.28 ms, found 0 plugins.
Preloading 0 native plugins for Editor in 0.00 ms.
Unloading 1240 Unused Serialized files (Serialized files now loaded: 0)
System memory in use before: 62.2 MB.
System memory in use after: 62.3 MB.

Unloading 6 unused Assets to reduce memory usage. Loaded Objects now: 1698.
Total: 1.861700 ms (FindLiveObjects: 0.152800 ms CreateObjectMapping: 0.046400 ms MarkObjects: 1.603900 ms  DeleteObjects: 0.057600 ms)

========================================================================
Received Import Request.
  Time since last request: 698.291659 seconds.
  path: ProjectSettings/TagManager.asset
  artifactKey: Guid(00000000000000003000000000000000) Importer(815301076,1909f56bfc062723c751e8b465ee728b)
Start importing ProjectSettings/TagManager.asset using Guid(00000000000000003000000000000000) Importer(815301076,1909f56bfc062723c751e8b465ee728b)  -> (artifact id: '1efec719c81060231ab49e0da4b313b9') in 0.022818 seconds
  Import took 0.025366 seconds .

========================================================================
Received Prepare
Registering precompiled user dll's ...
Registered in 0.000790 seconds.
Begin MonoManager ReloadAssembly
Native extension for WindowsStandalone target not found
Refreshing native plugins compatible for Editor in 0.24 ms, found 0 plugins.
Preloading 0 native plugins for Editor in 0.00 ms.
Invoked RoslynAnalysisRunner static constructor.
RoslynAnalysisRunner will not be running.
RoslynAnalysisRunner has terminated.
Mono: successfully reloaded assembly
- Completed reload, in  0.804 seconds
Platform modules already initialized, skipping
Refreshing native plugins compatible for Editor in 0.28 ms, found 0 plugins.
Preloading 0 native plugins for Editor in 0.00 ms.
Unloading 1240 Unused Serialized files (Serialized files now loaded: 0)
System memory in use before: 62.3 MB.
System memory in use after: 62.4 MB.

Unloading 7 unused Assets to reduce memory usage. Loaded Objects now: 1700.
Total: 2.179800 ms (FindLiveObjects: 0.191900 ms CreateObjectMapping: 0.078900 ms MarkObjects: 1.840200 ms  DeleteObjects: 0.067800 ms)

========================================================================
Received Prepare
Registering precompiled user dll's ...
Registered in 0.000510 seconds.
Begin MonoManager ReloadAssembly
Native extension for WindowsStandalone target not found
Refreshing native plugins compatible for Editor in 0.24 ms, found 0 plugins.
Preloading 0 native plugins for Editor in 0.00 ms.
Invoked RoslynAnalysisRunner static constructor.
RoslynAnalysisRunner will not be running.
RoslynAnalysisRunner has terminated.
Mono: successfully reloaded assembly
- Completed reload, in  0.773 seconds
Platform modules already initialized, skipping
Refreshing native plugins compatible for Editor in 0.26 ms, found 0 plugins.
Preloading 0 native plugins for Editor in 0.00 ms.
Unloading 1240 Unused Serialized files (Serialized files now loaded: 0)
System memory in use before: 62.6 MB.
System memory in use after: 62.7 MB.

Unloading 6 unused Assets to reduce memory usage. Loaded Objects now: 1702.
Total: 2.173400 ms (FindLiveObjects: 0.189800 ms CreateObjectMapping: 0.086500 ms MarkObjects: 1.836600 ms  DeleteObjects: 0.059300 ms)

========================================================================
Received Prepare
Registering precompiled user dll's ...
Registered in 0.000503 seconds.
Begin MonoManager ReloadAssembly
Native extension for WindowsStandalone target not found
Refreshing native plugins compatible for Editor in 0.27 ms, found 0 plugins.
Preloading 0 native plugins for Editor in 0.00 ms.
Invoked RoslynAnalysisRunner static constructor.
RoslynAnalysisRunner will not be running.
RoslynAnalysisRunner has terminated.
Mono: successfully reloaded assembly
- Completed reload, in  0.799 seconds
Platform modules already initialized, skipping
Refreshing native plugins compatible for Editor in 0.23 ms, found 0 plugins.
Preloading 0 native plugins for Editor in 0.00 ms.
Unloading 1240 Unused Serialized files (Serialized files now loaded: 0)
System memory in use before: 62.7 MB.
System memory in use after: 62.8 MB.

Unloading 6 unused Assets to reduce memory usage. Loaded Objects now: 1704.
Total: 1.878300 ms (FindLiveObjects: 0.221600 ms CreateObjectMapping: 0.052200 ms MarkObjects: 1.542300 ms  DeleteObjects: 0.061200 ms)

========================================================================
Received Prepare
Registering precompiled user dll's ...
Registered in 0.000596 seconds.
Begin MonoManager ReloadAssembly
Native extension for WindowsStandalone target not found
Refreshing native plugins compatible for Editor in 0.25 ms, found 0 plugins.
Preloading 0 native plugins for Editor in 0.00 ms.
Invoked RoslynAnalysisRunner static constructor.
RoslynAnalysisRunner will not be running.
RoslynAnalysisRunner has terminated.
Mono: successfully reloaded assembly
- Completed reload, in  0.768 seconds
Platform modules already initialized, skipping
Refreshing native plugins compatible for Editor in 0.24 ms, found 0 plugins.
Preloading 0 native plugins for Editor in 0.00 ms.
Unloading 1240 Unused Serialized files (Serialized files now loaded: 0)
System memory in use before: 62.9 MB.
System memory in use after: 63.0 MB.

Unloading 6 unused Assets to reduce memory usage. Loaded Objects now: 1706.
Total: 2.116200 ms (FindLiveObjects: 0.188500 ms CreateObjectMapping: 0.091900 ms MarkObjects: 1.760500 ms  DeleteObjects: 0.074300 ms)

========================================================================
Received Prepare
Registering precompiled user dll's ...
Registered in 0.000587 seconds.
Begin MonoManager ReloadAssembly
Native extension for WindowsStandalone target not found
Refreshing native plugins compatible for Editor in 0.24 ms, found 0 plugins.
Preloading 0 native plugins for Editor in 0.00 ms.
Invoked RoslynAnalysisRunner static constructor.
RoslynAnalysisRunner will not be running.
RoslynAnalysisRunner has terminated.
Mono: successfully reloaded assembly
- Completed reload, in  0.791 seconds
Platform modules already initialized, skipping
Refreshing native plugins compatible for Editor in 0.31 ms, found 0 plugins.
Preloading 0 native plugins for Editor in 0.00 ms.
Unloading 1240 Unused Serialized files (Serialized files now loaded: 0)
System memory in use before: 63.1 MB.
System memory in use after: 63.1 MB.

Unloading 6 unused Assets to reduce memory usage. Loaded Objects now: 1708.
Total: 1.740800 ms (FindLiveObjects: 0.140200 ms CreateObjectMapping: 0.041300 ms MarkObjects: 1.485000 ms  DeleteObjects: 0.073300 ms)

========================================================================
Received Prepare
Registering precompiled user dll's ...
Registered in 0.000553 seconds.
Begin MonoManager ReloadAssembly
Native extension for WindowsStandalone target not found
Refreshing native plugins compatible for Editor in 0.28 ms, found 0 plugins.
Preloading 0 native plugins for Editor in 0.00 ms.
Invoked RoslynAnalysisRunner static constructor.
RoslynAnalysisRunner will not be running.
RoslynAnalysisRunner has terminated.
Mono: successfully reloaded assembly
- Completed reload, in  0.900 seconds
Platform modules already initialized, skipping
Refreshing native plugins compatible for Editor in 0.39 ms, found 0 plugins.
Preloading 0 native plugins for Editor in 0.00 ms.
Unloading 1240 Unused Serialized files (Serialized files now loaded: 0)
System memory in use before: 63.2 MB.
System memory in use after: 63.3 MB.

Unloading 6 unused Assets to reduce memory usage. Loaded Objects now: 1710.
Total: 1.952500 ms (FindLiveObjects: 0.179600 ms CreateObjectMapping: 0.091400 ms MarkObjects: 1.623700 ms  DeleteObjects: 0.056700 ms)

========================================================================
Received Prepare
Registering precompiled user dll's ...
Registered in 0.000562 seconds.
Begin MonoManager ReloadAssembly
Native extension for WindowsStandalone target not found
Refreshing native plugins compatible for Editor in 0.30 ms, found 0 plugins.
Preloading 0 native plugins for Editor in 0.00 ms.
Invoked RoslynAnalysisRunner static constructor.
RoslynAnalysisRunner will not be running.
RoslynAnalysisRunner has terminated.
Mono: successfully reloaded assembly
- Completed reload, in  0.798 seconds
Platform modules already initialized, skipping
Refreshing native plugins compatible for Editor in 0.26 ms, found 0 plugins.
Preloading 0 native plugins for Editor in 0.00 ms.
Unloading 1240 Unused Serialized files (Serialized files now loaded: 0)
System memory in use before: 63.3 MB.
System memory in use after: 63.4 MB.

Unloading 6 unused Assets to reduce memory usage. Loaded Objects now: 1712.
Total: 1.632200 ms (FindLiveObjects: 0.137400 ms CreateObjectMapping: 0.041900 ms MarkObjects: 1.398500 ms  DeleteObjects: 0.053600 ms)

========================================================================
Received Prepare
Registering precompiled user dll's ...
Registered in 0.000540 seconds.
Begin MonoManager ReloadAssembly
Native extension for WindowsStandalone target not found
Refreshing native plugins compatible for Editor in 0.36 ms, found 0 plugins.
Preloading 0 native plugins for Editor in 0.00 ms.
Invoked RoslynAnalysisRunner static constructor.
RoslynAnalysisRunner will not be running.
RoslynAnalysisRunner has terminated.
Mono: successfully reloaded assembly
- Completed reload, in  0.910 seconds
Platform modules already initialized, skipping
Refreshing native plugins compatible for Editor in 0.24 ms, found 0 plugins.
Preloading 0 native plugins for Editor in 0.00 ms.
Unloading 1240 Unused Serialized files (Serialized files now loaded: 0)
System memory in use before: 62.6 MB.
System memory in use after: 62.6 MB.

Unloading 6 unused Assets to reduce memory usage. Loaded Objects now: 1714.
Total: 1.761800 ms (FindLiveObjects: 0.213200 ms CreateObjectMapping: 0.057900 ms MarkObjects: 1.438600 ms  DeleteObjects: 0.051000 ms)

========================================================================
Received Prepare
Registering precompiled user dll's ...
Registered in 0.000590 seconds.
Begin MonoManager ReloadAssembly
Native extension for WindowsStandalone target not found
Refreshing native plugins compatible for Editor in 0.27 ms, found 0 plugins.
Preloading 0 native plugins for Editor in 0.00 ms.
Invoked RoslynAnalysisRunner static constructor.
RoslynAnalysisRunner will not be running.
RoslynAnalysisRunner has terminated.
Mono: successfully reloaded assembly
- Completed reload, in  0.757 seconds
Platform modules already initialized, skipping
Refreshing native plugins compatible for Editor in 0.30 ms, found 0 plugins.
Preloading 0 native plugins for Editor in 0.00 ms.
Unloading 1240 Unused Serialized files (Serialized files now loaded: 0)
System memory in use before: 62.7 MB.
System memory in use after: 62.8 MB.

Unloading 6 unused Assets to reduce memory usage. Loaded Objects now: 1716.
Total: 2.052700 ms (FindLiveObjects: 0.187000 ms CreateObjectMapping: 0.073000 ms MarkObjects: 1.708600 ms  DeleteObjects: 0.082800 ms)

========================================================================
Received Import Request.
  Time since last request: 1456.950969 seconds.
  path: Assets/spritesheet_arcs.png
  artifactKey: Guid(fc07ffe828033f24295ea8421caf3f36) Importer(815301076,1909f56bfc062723c751e8b465ee728b)
Start importing Assets/spritesheet_arcs.png using Guid(fc07ffe828033f24295ea8421caf3f36) Importer(815301076,1909f56bfc062723c751e8b465ee728b)  -> (artifact id: 'e74f92694181a0cadb3119ce2104f56e') in 0.096676 seconds
  Import took 0.099555 seconds .

========================================================================
Received Import Request.
  Time since last request: 30.828259 seconds.
  path: Assets/spritesheet_arcs.png
  artifactKey: Guid(fc07ffe828033f24295ea8421caf3f36) Importer(815301076,1909f56bfc062723c751e8b465ee728b)
Start importing Assets/spritesheet_arcs.png using Guid(fc07ffe828033f24295ea8421caf3f36) Importer(815301076,1909f56bfc062723c751e8b465ee728b)  -> (artifact id: '8fc8c007f99a9d19f74663ebc1e9ebb4') in 0.069865 seconds
  Import took 0.072205 seconds .

========================================================================
Received Prepare
Registering precompiled user dll's ...
Registered in 0.000658 seconds.
Begin MonoManager ReloadAssembly
Native extension for WindowsStandalone target not found
Refreshing native plugins compatible for Editor in 0.27 ms, found 0 plugins.
Preloading 0 native plugins for Editor in 0.00 ms.
Invoked RoslynAnalysisRunner static constructor.
RoslynAnalysisRunner will not be running.
RoslynAnalysisRunner has terminated.
Mono: successfully reloaded assembly
- Completed reload, in  0.781 seconds
Platform modules already initialized, skipping
Refreshing native plugins compatible for Editor in 0.38 ms, found 0 plugins.
Preloading 0 native plugins for Editor in 0.00 ms.
Unloading 1274 Unused Serialized files (Serialized files now loaded: 0)
System memory in use before: 67.1 MB.
System memory in use after: 67.2 MB.

Unloading 6 unused Assets to reduce memory usage. Loaded Objects now: 1759.
Total: 2.128200 ms (FindLiveObjects: 0.260100 ms CreateObjectMapping: 0.077500 ms MarkObjects: 1.705100 ms  DeleteObjects: 0.084600 ms)

========================================================================
Received Import Request.
  Time since last request: 67.156052 seconds.
  path: Assets/spritesheet_arcs.png
  artifactKey: Guid(fc07ffe828033f24295ea8421caf3f36) Importer(815301076,1909f56bfc062723c751e8b465ee728b)
Start importing Assets/spritesheet_arcs.png using Guid(fc07ffe828033f24295ea8421caf3f36) Importer(815301076,1909f56bfc062723c751e8b465ee728b)  -> (artifact id: 'e47bbf06ed6c56aba8432a2f3cbcdb32') in 0.043389 seconds
  Import took 0.045916 seconds .

========================================================================
Received Import Request.
  Time since last request: 0.027226 seconds.
  path: Assets/spritesheet_arcs.png
  artifactKey: Guid(fc07ffe828033f24295ea8421caf3f36) Importer(815301076,1909f56bfc062723c751e8b465ee728b)
Start importing Assets/spritesheet_arcs.png using Guid(fc07ffe828033f24295ea8421caf3f36) Importer(815301076,1909f56bfc062723c751e8b465ee728b)  -> (artifact id: 'e47bbf06ed6c56aba8432a2f3cbcdb32') in 0.007718 seconds
  Import took 0.010703 seconds .

========================================================================
Received Import Request.
  Time since last request: 4.690729 seconds.
  path: Assets/spritesheet_arcs.png
  artifactKey: Guid(fc07ffe828033f24295ea8421caf3f36) Importer(815301076,1909f56bfc062723c751e8b465ee728b)
Start importing Assets/spritesheet_arcs.png using Guid(fc07ffe828033f24295ea8421caf3f36) Importer(815301076,1909f56bfc062723c751e8b465ee728b)  -> (artifact id: 'ecc56082c5b71a8886201c1c78c7798b') in 0.072971 seconds
  Import took 0.075673 seconds .

========================================================================
Received Import Request.
  Time since last request: 9.060802 seconds.
  path: Assets
  artifactKey: Guid(00000000000000001000000000000000) Importer(815301076,1909f56bfc062723c751e8b465ee728b)
Start importing Assets using Guid(00000000000000001000000000000000) Importer(815301076,1909f56bfc062723c751e8b465ee728b)  -> (artifact id: '4a6e520b92ccfc61bcfa21a7bcab8468') in 0.008479 seconds
  Import took 0.011743 seconds .

========================================================================
Received Import Request.
  Time since last request: 12.455371 seconds.
  path: Assets/QuadMaterial.mat
  artifactKey: Guid(a728d6dbe0fea69468e85232e6d58d48) Importer(815301076,1909f56bfc062723c751e8b465ee728b)
Start importing Assets/QuadMaterial.mat using Guid(a728d6dbe0fea69468e85232e6d58d48) Importer(815301076,1909f56bfc062723c751e8b465ee728b)  -> (artifact id: '12ab65b822393bd0a2f1cb6ef08c5d62') in 0.071081 seconds
  Import took 0.076256 seconds .

========================================================================
Received Import Request.
  Time since last request: 42.642031 seconds.
  path: Assets/arc_tile.png
  artifactKey: Guid(1fc0ec7519b900a47a8dde83b1324f6c) Importer(815301076,1909f56bfc062723c751e8b465ee728b)
Start importing Assets/arc_tile.png using Guid(1fc0ec7519b900a47a8dde83b1324f6c) Importer(815301076,1909f56bfc062723c751e8b465ee728b)  -> (artifact id: 'fec03fb5ca6555190376bc36c1108599') in 0.017072 seconds
  Import took 0.020337 seconds .

========================================================================
Received Import Request.
  Time since last request: 0.000929 seconds.
  path: Assets/arc_tile.png
  artifactKey: Guid(1fc0ec7519b900a47a8dde83b1324f6c) Importer(815301076,1909f56bfc062723c751e8b465ee728b)
Start importing Assets/arc_tile.png using Guid(1fc0ec7519b900a47a8dde83b1324f6c) Importer(815301076,1909f56bfc062723c751e8b465ee728b)  -> (artifact id: 'fec03fb5ca6555190376bc36c1108599') in 0.007432 seconds
  Import took 0.010042 seconds .

========================================================================
Received Import Request.
  Time since last request: 26.902139 seconds.
  path: Assets/arc_tile.png
  artifactKey: Guid(1fc0ec7519b900a47a8dde83b1324f6c) Importer(815301076,1909f56bfc062723c751e8b465ee728b)
Start importing Assets/arc_tile.png using Guid(1fc0ec7519b900a47a8dde83b1324f6c) Importer(815301076,1909f56bfc062723c751e8b465ee728b)  -> (artifact id: '9a4bb821844324db5f9673780e379cd6') in 0.013539 seconds
  Import took 0.016262 seconds .

========================================================================
Received Prepare
Registering precompiled user dll's ...
Registered in 0.000523 seconds.
Begin MonoManager ReloadAssembly
Native extension for WindowsStandalone target not found
Refreshing native plugins compatible for Editor in 0.31 ms, found 0 plugins.
Preloading 0 native plugins for Editor in 0.00 ms.
Invoked RoslynAnalysisRunner static constructor.
RoslynAnalysisRunner will not be running.
RoslynAnalysisRunner has terminated.
Mono: successfully reloaded assembly
- Completed reload, in  0.808 seconds
Platform modules already initialized, skipping
Refreshing native plugins compatible for Editor in 0.28 ms, found 0 plugins.
Preloading 0 native plugins for Editor in 0.00 ms.
Unloading 1274 Unused Serialized files (Serialized files now loaded: 0)
System memory in use before: 67.6 MB.
System memory in use after: 67.6 MB.

Unloading 6 unused Assets to reduce memory usage. Loaded Objects now: 1803.
Total: 1.750200 ms (FindLiveObjects: 0.142000 ms CreateObjectMapping: 0.043700 ms MarkObjects: 1.512800 ms  DeleteObjects: 0.050800 ms)

========================================================================
Received Prepare
Registering precompiled user dll's ...
Registered in 0.000957 seconds.
Begin MonoManager ReloadAssembly
Native extension for WindowsStandalone target not found
Refreshing native plugins compatible for Editor in 0.28 ms, found 0 plugins.
Preloading 0 native plugins for Editor in 0.00 ms.
Invoked RoslynAnalysisRunner static constructor.
RoslynAnalysisRunner will not be running.
RoslynAnalysisRunner has terminated.
Mono: successfully reloaded assembly
- Completed reload, in  0.914 seconds
Platform modules already initialized, skipping
Refreshing native plugins compatible for Editor in 0.26 ms, found 0 plugins.
Preloading 0 native plugins for Editor in 0.00 ms.
Unloading 1274 Unused Serialized files (Serialized files now loaded: 0)
System memory in use before: 67.7 MB.
System memory in use after: 67.8 MB.

Unloading 6 unused Assets to reduce memory usage. Loaded Objects now: 1805.
Total: 2.298400 ms (FindLiveObjects: 0.207800 ms CreateObjectMapping: 0.096900 ms MarkObjects: 1.937600 ms  DeleteObjects: 0.053800 ms)

========================================================================
Received Import Request.
  Time since last request: 283.158327 seconds.
  path: Assets/QuadMaterial.mat
  artifactKey: Guid(a728d6dbe0fea69468e85232e6d58d48) Importer(815301076,1909f56bfc062723c751e8b465ee728b)
Start importing Assets/QuadMaterial.mat using Guid(a728d6dbe0fea69468e85232e6d58d48) Importer(815301076,1909f56bfc062723c751e8b465ee728b)  -> (artifact id: '6eefcfabda3ddfbde570dfec521acb88') in 0.098348 seconds
  Import took 0.101166 seconds .

AssetImportWorkerClient::OnTransportError - code=2 error=End of file
